<?xml version="1.0" encoding="UTF-8"?>
<coverage generated="1528269738035" clover="3.2.0">
  <project timestamp="1528269738036" name="All files">
    <metrics statements="240" coveredstatements="99" conditionals="77" coveredconditionals="19" methods="102" coveredmethods="36" elements="419" coveredelements="154" complexity="0" loc="240" ncloc="240" packages="3" files="12" classes="12">
      <package name="actions">
        <metrics statements="154" coveredstatements="56" conditionals="48" coveredconditionals="15" methods="85" coveredmethods="30"/>
        <file name="navigator.js" path="/Users/macos/Downloads/soundredux-native-master/src/actions/navigator.js">
          <metrics statements="12" coveredstatements="9" conditionals="7" coveredconditionals="3" methods="6" coveredmethods="5"/>
          <line num="8" count="3" type="stmt"/>
          <line num="15" count="1" type="stmt"/>
          <line num="16" count="1" type="cond" truecount="1" falsecount="1"/>
          <line num="17" count="1" type="stmt"/>
          <line num="23" count="2" type="stmt"/>
          <line num="24" count="2" type="stmt"/>
          <line num="25" count="2" type="cond" truecount="1" falsecount="1"/>
          <line num="26" count="0" type="stmt"/>
          <line num="29" count="2" type="cond" truecount="1" falsecount="1"/>
          <line num="30" count="0" type="stmt"/>
          <line num="32" count="2" type="stmt"/>
          <line num="37" count="0" type="stmt"/>
        </file>
        <file name="player.js" path="/Users/macos/Downloads/soundredux-native-master/src/actions/player.js">
          <metrics statements="29" coveredstatements="18" conditionals="16" coveredconditionals="8" methods="8" coveredmethods="6"/>
          <line num="5" count="1" type="stmt"/>
          <line num="12" count="1" type="stmt"/>
          <line num="19" count="3" type="stmt"/>
          <line num="26" count="2" type="stmt"/>
          <line num="27" count="2" type="cond" truecount="2" falsecount="0"/>
          <line num="28" count="1" type="stmt"/>
          <line num="30" count="2" type="stmt"/>
          <line num="32" count="2" type="stmt"/>
          <line num="39" count="2" type="stmt"/>
          <line num="40" count="2" type="stmt"/>
          <line num="41" count="2" type="stmt"/>
          <line num="42" count="2" type="stmt"/>
          <line num="45" count="2" type="cond" truecount="2" falsecount="0"/>
          <line num="46" count="1" type="stmt"/>
          <line num="47" count="1" type="cond" truecount="1" falsecount="1"/>
          <line num="48" count="1" type="stmt"/>
          <line num="49" count="0" type="cond" truecount="0" falsecount="2"/>
          <line num="50" count="0" type="stmt"/>
          <line num="53" count="2" type="cond" truecount="3" falsecount="1"/>
          <line num="54" count="0" type="stmt"/>
          <line num="57" count="2" type="stmt"/>
          <line num="62" count="0" type="stmt"/>
          <line num="63" count="0" type="stmt"/>
          <line num="65" count="0" type="stmt"/>
          <line num="66" count="0" type="stmt"/>
          <line num="67" count="0" type="stmt"/>
          <line num="68" count="0" type="cond" truecount="0" falsecount="4"/>
          <line num="69" count="0" type="stmt"/>
          <line num="71" count="0" type="stmt"/>
        </file>
        <file name="playlists.js" path="/Users/macos/Downloads/soundredux-native-master/src/actions/playlists.js">
          <metrics statements="25" coveredstatements="1" conditionals="13" coveredconditionals="0" methods="13" coveredmethods="1"/>
          <line num="4" count="0" type="stmt"/>
          <line num="5" count="0" type="stmt"/>
          <line num="6" count="0" type="stmt"/>
          <line num="7" count="0" type="stmt"/>
          <line num="9" count="0" type="cond" truecount="0" falsecount="2"/>
          <line num="10" count="0" type="stmt"/>
          <line num="11" count="0" type="stmt"/>
          <line num="12" count="0" type="stmt"/>
          <line num="14" count="0" type="stmt"/>
          <line num="19" count="0" type="stmt"/>
          <line num="20" count="0" type="stmt"/>
          <line num="21" count="0" type="cond" truecount="0" falsecount="2"/>
          <line num="22" count="0" type="stmt"/>
          <line num="23" count="0" type="stmt"/>
          <line num="29" count="0" type="stmt"/>
          <line num="30" count="0" type="cond" truecount="0" falsecount="4"/>
          <line num="31" count="0" type="stmt"/>
          <line num="33" count="0" type="stmt"/>
          <line num="37" count="0" type="stmt"/>
          <line num="47" count="0" type="stmt"/>
          <line num="54" count="0" type="stmt"/>
          <line num="55" count="0" type="cond" truecount="0" falsecount="5"/>
          <line num="56" count="0" type="stmt"/>
          <line num="59" count="0" type="stmt"/>
          <line num="63" count="1" type="stmt"/>
        </file>
        <file name="songs.js" path="/Users/macos/Downloads/soundredux-native-master/src/actions/songs.js">
          <metrics statements="42" coveredstatements="23" conditionals="6" coveredconditionals="4" methods="26" coveredmethods="13"/>
          <line num="8" count="1" type="stmt"/>
          <line num="9" count="1" type="stmt"/>
          <line num="10" count="0" type="stmt"/>
          <line num="12" count="0" type="stmt"/>
          <line num="13" count="0" type="stmt"/>
          <line num="14" count="0" type="stmt"/>
          <line num="16" count="0" type="stmt"/>
          <line num="21" count="2" type="stmt"/>
          <line num="22" count="2" type="stmt"/>
          <line num="23" count="2" type="stmt"/>
          <line num="24" count="2" type="cond" truecount="2" falsecount="0"/>
          <line num="25" count="1" type="stmt"/>
          <line num="27" count="1" type="stmt"/>
          <line num="28" count="1" type="cond" truecount="1" falsecount="1"/>
          <line num="29" count="1" type="stmt"/>
          <line num="32" count="1" type="cond" truecount="1" falsecount="1"/>
          <line num="33" count="1" type="stmt"/>
          <line num="40" count="1" type="stmt"/>
          <line num="41" count="1" type="stmt"/>
          <line num="42" count="1" type="stmt"/>
          <line num="43" count="0" type="stmt"/>
          <line num="45" count="0" type="stmt"/>
          <line num="46" count="0" type="stmt"/>
          <line num="48" count="0" type="stmt"/>
          <line num="53" count="1" type="stmt"/>
          <line num="54" count="1" type="stmt"/>
          <line num="55" count="0" type="stmt"/>
          <line num="56" count="0" type="stmt"/>
          <line num="57" count="0" type="stmt"/>
          <line num="62" count="1" type="stmt"/>
          <line num="63" count="1" type="stmt"/>
          <line num="64" count="1" type="stmt"/>
          <line num="69" count="1" type="stmt"/>
          <line num="76" count="0" type="stmt"/>
          <line num="89" count="0" type="stmt"/>
          <line num="90" count="0" type="stmt"/>
          <line num="91" count="0" type="stmt"/>
          <line num="92" count="0" type="stmt"/>
          <line num="93" count="0" type="stmt"/>
          <line num="94" count="0" type="stmt"/>
          <line num="99" count="1" type="stmt"/>
          <line num="109" count="1" type="stmt"/>
        </file>
        <file name="users.js" path="/Users/macos/Downloads/soundredux-native-master/src/actions/users.js">
          <metrics statements="46" coveredstatements="5" conditionals="6" coveredconditionals="0" methods="32" coveredmethods="5"/>
          <line num="14" count="0" type="stmt"/>
          <line num="15" count="0" type="stmt"/>
          <line num="16" count="0" type="stmt"/>
          <line num="17" count="0" type="stmt"/>
          <line num="22" count="0" type="stmt"/>
          <line num="23" count="0" type="stmt"/>
          <line num="24" count="0" type="stmt"/>
          <line num="25" count="0" type="cond" truecount="0" falsecount="4"/>
          <line num="26" count="0" type="stmt"/>
          <line num="27" count="0" type="cond" truecount="0" falsecount="2"/>
          <line num="28" count="0" type="stmt"/>
          <line num="34" count="0" type="stmt"/>
          <line num="35" count="0" type="stmt"/>
          <line num="36" count="0" type="stmt"/>
          <line num="37" count="0" type="stmt"/>
          <line num="39" count="0" type="stmt"/>
          <line num="40" count="0" type="stmt"/>
          <line num="42" count="0" type="stmt"/>
          <line num="47" count="0" type="stmt"/>
          <line num="48" count="0" type="stmt"/>
          <line num="49" count="0" type="stmt"/>
          <line num="51" count="0" type="stmt"/>
          <line num="52" count="0" type="stmt"/>
          <line num="53" count="0" type="stmt"/>
          <line num="60" count="0" type="stmt"/>
          <line num="62" count="0" type="stmt"/>
          <line num="67" count="0" type="stmt"/>
          <line num="68" count="0" type="stmt"/>
          <line num="69" count="0" type="stmt"/>
          <line num="71" count="0" type="stmt"/>
          <line num="72" count="0" type="stmt"/>
          <line num="74" count="0" type="stmt"/>
          <line num="79" count="0" type="stmt"/>
          <line num="80" count="0" type="stmt"/>
          <line num="81" count="0" type="stmt"/>
          <line num="83" count="0" type="stmt"/>
          <line num="84" count="0" type="stmt"/>
          <line num="86" count="0" type="stmt"/>
          <line num="91" count="1" type="stmt"/>
          <line num="101" count="1" type="stmt"/>
          <line num="108" count="0" type="stmt"/>
          <line num="109" count="0" type="stmt"/>
          <line num="110" count="0" type="stmt"/>
          <line num="115" count="1" type="stmt"/>
          <line num="122" count="1" type="stmt"/>
          <line num="129" count="1" type="stmt"/>
        </file>
      </package>
      <package name="constants">
        <metrics statements="34" coveredstatements="34" conditionals="0" coveredconditionals="0" methods="2" coveredmethods="2"/>
        <file name="ActionTypes.js" path="/Users/macos/Downloads/soundredux-native-master/src/constants/ActionTypes.js">
          <metrics statements="20" coveredstatements="20" conditionals="0" coveredconditionals="0" methods="0" coveredmethods="0"/>
          <line num="1" count="5" type="stmt"/>
          <line num="2" count="5" type="stmt"/>
          <line num="3" count="5" type="stmt"/>
          <line num="4" count="5" type="stmt"/>
          <line num="5" count="5" type="stmt"/>
          <line num="6" count="5" type="stmt"/>
          <line num="7" count="5" type="stmt"/>
          <line num="8" count="5" type="stmt"/>
          <line num="9" count="5" type="stmt"/>
          <line num="10" count="5" type="stmt"/>
          <line num="11" count="5" type="stmt"/>
          <line num="12" count="5" type="stmt"/>
          <line num="13" count="5" type="stmt"/>
          <line num="14" count="5" type="stmt"/>
          <line num="15" count="5" type="stmt"/>
          <line num="16" count="5" type="stmt"/>
          <line num="17" count="5" type="stmt"/>
          <line num="18" count="5" type="stmt"/>
          <line num="19" count="5" type="stmt"/>
          <line num="20" count="5" type="stmt"/>
        </file>
        <file name="Config.js" path="/Users/macos/Downloads/soundredux-native-master/src/constants/Config.js">
          <metrics statements="1" coveredstatements="1" conditionals="0" coveredconditionals="0" methods="0" coveredmethods="0"/>
          <line num="1" count="3" type="stmt"/>
        </file>
        <file name="Schemas.js" path="/Users/macos/Downloads/soundredux-native-master/src/constants/Schemas.js">
          <metrics statements="5" coveredstatements="5" conditionals="0" coveredconditionals="0" methods="0" coveredmethods="0"/>
          <line num="3" count="3" type="stmt"/>
          <line num="4" count="3" type="stmt"/>
          <line num="6" count="3" type="stmt"/>
          <line num="10" count="3" type="stmt"/>
          <line num="11" count="3" type="stmt"/>
        </file>
        <file name="SongConstants.js" path="/Users/macos/Downloads/soundredux-native-master/src/constants/SongConstants.js">
          <metrics statements="8" coveredstatements="8" conditionals="0" coveredconditionals="0" methods="2" coveredmethods="2"/>
          <line num="1" count="3" type="stmt"/>
          <line num="8" count="3" type="stmt"/>
          <line num="15" count="3" type="stmt"/>
          <line num="23" count="3" type="stmt"/>
          <line num="24" count="3" type="stmt"/>
          <line num="25" count="3" type="stmt"/>
          <line num="26" count="15" type="stmt"/>
          <line num="28" count="3" type="stmt"/>
        </file>
      </package>
      <package name="utils">
        <metrics statements="52" coveredstatements="9" conditionals="29" coveredconditionals="4" methods="15" coveredmethods="4"/>
        <file name="RouteUtils.js" path="/Users/macos/Downloads/soundredux-native-master/src/utils/RouteUtils.js">
          <metrics statements="23" coveredstatements="6" conditionals="10" coveredconditionals="4" methods="5" coveredmethods="1"/>
          <line num="2" count="4" type="stmt"/>
          <line num="3" count="4" type="stmt"/>
          <line num="4" count="4" type="stmt"/>
          <line num="5" count="4" type="cond" truecount="3" falsecount="1"/>
          <line num="6" count="0" type="stmt"/>
          <line num="7" count="0" type="stmt"/>
          <line num="8" count="0" type="stmt"/>
          <line num="11" count="4" type="cond" truecount="1" falsecount="1"/>
          <line num="12" count="0" type="stmt"/>
          <line num="15" count="4" type="stmt"/>
          <line num="19" count="0" type="stmt"/>
          <line num="20" count="0" type="stmt"/>
          <line num="21" count="0" type="stmt"/>
          <line num="22" count="0" type="stmt"/>
          <line num="24" count="0" type="cond" truecount="0" falsecount="2"/>
          <line num="25" count="0" type="stmt"/>
          <line num="26" count="0" type="stmt"/>
          <line num="27" count="0" type="stmt"/>
          <line num="28" count="0" type="stmt"/>
          <line num="29" count="0" type="cond" truecount="0" falsecount="2"/>
          <line num="30" count="0" type="stmt"/>
          <line num="32" count="0" type="stmt"/>
          <line num="36" count="0" type="stmt"/>
        </file>
        <file name="SongUtils.js" path="/Users/macos/Downloads/soundredux-native-master/src/utils/SongUtils.js">
          <metrics statements="18" coveredstatements="3" conditionals="11" coveredconditionals="0" methods="5" coveredmethods="3"/>
          <line num="6" count="0" type="stmt"/>
          <line num="7" count="0" type="stmt"/>
          <line num="8" count="0" type="stmt"/>
          <line num="9" count="0" type="cond" truecount="0" falsecount="2"/>
          <line num="10" count="0" type="cond" truecount="0" falsecount="5"/>
          <line num="13" count="0" type="stmt"/>
          <line num="16" count="0" type="stmt"/>
          <line num="18" count="0" type="stmt"/>
          <line num="21" count="0" type="cond" truecount="0" falsecount="2"/>
          <line num="22" count="0" type="stmt"/>
          <line num="23" count="0" type="stmt"/>
          <line num="26" count="0" type="stmt"/>
          <line num="30" count="1" type="stmt"/>
          <line num="34" count="1" type="stmt"/>
          <line num="38" count="1" type="stmt"/>
          <line num="42" count="0" type="cond" truecount="0" falsecount="2"/>
          <line num="43" count="0" type="stmt"/>
          <line num="46" count="0" type="stmt"/>
        </file>
        <file name="UserUtils.js" path="/Users/macos/Downloads/soundredux-native-master/src/utils/UserUtils.js">
          <metrics statements="11" coveredstatements="0" conditionals="8" coveredconditionals="0" methods="5" coveredmethods="0"/>
          <line num="4" count="0" type="stmt"/>
          <line num="8" count="0" type="stmt"/>
          <line num="12" count="0" type="stmt"/>
          <line num="16" count="0" type="stmt"/>
          <line num="20" count="0" type="cond" truecount="0" falsecount="4"/>
          <line num="21" count="0" type="stmt"/>
          <line num="22" count="0" type="cond" truecount="0" falsecount="2"/>
          <line num="23" count="0" type="stmt"/>
          <line num="24" count="0" type="cond" truecount="0" falsecount="2"/>
          <line num="25" count="0" type="stmt"/>
          <line num="28" count="0" type="stmt"/>
        </file>
      </package>
    </metrics>
  </project>
</coverage>
