{"/Users/macos/Downloads/soundredux-native-master/src/actions/navigator.js": {"path":"/Users/macos/Downloads/soundredux-native-master/src/actions/navigator.js","statementMap":{"0":{"start":{"line":8,"column":4},"end":{"line":11,"column":6}},"1":{"start":{"line":15,"column":4},"end":{"line":19,"column":5}},"2":{"start":{"line":16,"column":8},"end":{"line":18,"column":9}},"3":{"start":{"line":17,"column":12},"end":{"line":17,"column":62}},"4":{"start":{"line":23,"column":4},"end":{"line":33,"column":5}},"5":{"start":{"line":24,"column":28},"end":{"line":24,"column":38}},"6":{"start":{"line":25,"column":8},"end":{"line":27,"column":9}},"7":{"start":{"line":26,"column":12},"end":{"line":26,"column":19}},"8":{"start":{"line":29,"column":8},"end":{"line":31,"column":9}},"9":{"start":{"line":30,"column":12},"end":{"line":30,"column":29}},"10":{"start":{"line":32,"column":8},"end":{"line":32,"column":42}},"11":{"start":{"line":37,"column":4},"end":{"line":37,"column":63}}},"fnMap":{"0":{"name":"changePath","decl":{"start":{"line":7,"column":16},"end":{"line":7,"column":26}},"loc":{"start":{"line":7,"column":34},"end":{"line":12,"column":1}},"line":7},"1":{"name":"navigateBack","decl":{"start":{"line":14,"column":16},"end":{"line":14,"column":28}},"loc":{"start":{"line":14,"column":32},"end":{"line":20,"column":1}},"line":14},"2":{"name":"(anonymous_2)","decl":{"start":{"line":15,"column":11},"end":{"line":15,"column":12}},"loc":{"start":{"line":15,"column":23},"end":{"line":19,"column":5}},"line":15},"3":{"name":"navigateTo","decl":{"start":{"line":22,"column":16},"end":{"line":22,"column":26}},"loc":{"start":{"line":22,"column":58},"end":{"line":34,"column":1}},"line":22},"4":{"name":"(anonymous_4)","decl":{"start":{"line":23,"column":11},"end":{"line":23,"column":12}},"loc":{"start":{"line":23,"column":35},"end":{"line":33,"column":5}},"line":23},"5":{"name":"pushState","decl":{"start":{"line":36,"column":9},"end":{"line":36,"column":18}},"loc":{"start":{"line":36,"column":26},"end":{"line":38,"column":1}},"line":36}},"branchMap":{"0":{"loc":{"start":{"line":16,"column":8},"end":{"line":18,"column":9}},"type":"if","locations":[{"start":{"line":16,"column":8},"end":{"line":18,"column":9}},{"start":{"line":16,"column":8},"end":{"line":18,"column":9}}],"line":16},"1":{"loc":{"start":{"line":22,"column":34},"end":{"line":22,"column":56}},"type":"default-arg","locations":[{"start":{"line":22,"column":52},"end":{"line":22,"column":56}}],"line":22},"2":{"loc":{"start":{"line":25,"column":8},"end":{"line":27,"column":9}},"type":"if","locations":[{"start":{"line":25,"column":8},"end":{"line":27,"column":9}},{"start":{"line":25,"column":8},"end":{"line":27,"column":9}}],"line":25},"3":{"loc":{"start":{"line":29,"column":8},"end":{"line":31,"column":9}},"type":"if","locations":[{"start":{"line":29,"column":8},"end":{"line":31,"column":9}},{"start":{"line":29,"column":8},"end":{"line":31,"column":9}}],"line":29}},"s":{"0":3,"1":1,"2":1,"3":1,"4":2,"5":2,"6":2,"7":0,"8":2,"9":0,"10":2,"11":0},"f":{"0":3,"1":1,"2":1,"3":2,"4":2,"5":0},"b":{"0":[1,0],"1":[0],"2":[0,2],"3":[0,2]},"_coverageSchema":"332fd63041d2c1bcb487cc26dd0d5f7d97098a6c","hash":"979732fb7621a5d381b1ae46784352785ea1cc79"}
,"/Users/macos/Downloads/soundredux-native-master/src/actions/player.js": {"path":"/Users/macos/Downloads/soundredux-native-master/src/actions/player.js","statementMap":{"0":{"start":{"line":5,"column":4},"end":{"line":8,"column":5}},"1":{"start":{"line":12,"column":4},"end":{"line":15,"column":6}},"2":{"start":{"line":19,"column":4},"end":{"line":22,"column":6}},"3":{"start":{"line":26,"column":18},"end":{"line":26,"column":45}},"4":{"start":{"line":27,"column":4},"end":{"line":29,"column":5}},"5":{"start":{"line":28,"column":8},"end":{"line":28,"column":35}},"6":{"start":{"line":30,"column":4},"end":{"line":30,"column":29}},"7":{"start":{"line":32,"column":4},"end":{"line":35,"column":5}},"8":{"start":{"line":39,"column":4},"end":{"line":58,"column":5}},"9":{"start":{"line":40,"column":36},"end":{"line":40,"column":46}},"10":{"start":{"line":41,"column":54},"end":{"line":41,"column":60}},"11":{"start":{"line":42,"column":32},"end":{"line":42,"column":79}},"12":{"start":{"line":45,"column":8},"end":{"line":51,"column":9}},"13":{"start":{"line":46,"column":12},"end":{"line":46,"column":48}},"14":{"start":{"line":47,"column":15},"end":{"line":51,"column":9}},"15":{"start":{"line":48,"column":12},"end":{"line":48,"column":48}},"16":{"start":{"line":49,"column":15},"end":{"line":51,"column":9}},"17":{"start":{"line":50,"column":12},"end":{"line":50,"column":94}},"18":{"start":{"line":53,"column":8},"end":{"line":55,"column":9}},"19":{"start":{"line":54,"column":12},"end":{"line":54,"column":24}},"20":{"start":{"line":57,"column":8},"end":{"line":57,"column":57}},"21":{"start":{"line":62,"column":4},"end":{"line":72,"column":6}},"22":{"start":{"line":63,"column":8},"end":{"line":63,"column":39}},"23":{"start":{"line":65,"column":25},"end":{"line":65,"column":35}},"24":{"start":{"line":66,"column":36},"end":{"line":66,"column":42}},"25":{"start":{"line":67,"column":20},"end":{"line":67,"column":44}},"26":{"start":{"line":68,"column":8},"end":{"line":70,"column":9}},"27":{"start":{"line":69,"column":12},"end":{"line":69,"column":75}},"28":{"start":{"line":71,"column":8},"end":{"line":71,"column":47}}},"fnMap":{"0":{"name":"changePlayerStatus","decl":{"start":{"line":4,"column":16},"end":{"line":4,"column":34}},"loc":{"start":{"line":4,"column":44},"end":{"line":9,"column":1}},"line":4},"1":{"name":"changeCurrentTime","decl":{"start":{"line":11,"column":16},"end":{"line":11,"column":33}},"loc":{"start":{"line":11,"column":40},"end":{"line":16,"column":1}},"line":11},"2":{"name":"changePlayingSong","decl":{"start":{"line":18,"column":16},"end":{"line":18,"column":33}},"loc":{"start":{"line":18,"column":45},"end":{"line":23,"column":1}},"line":18},"3":{"name":"changeSelectedPlaylists","decl":{"start":{"line":25,"column":16},"end":{"line":25,"column":39}},"loc":{"start":{"line":25,"column":61},"end":{"line":36,"column":1}},"line":25},"4":{"name":"changeSong","decl":{"start":{"line":38,"column":16},"end":{"line":38,"column":26}},"loc":{"start":{"line":38,"column":39},"end":{"line":59,"column":1}},"line":38},"5":{"name":"(anonymous_5)","decl":{"start":{"line":39,"column":11},"end":{"line":39,"column":12}},"loc":{"start":{"line":39,"column":35},"end":{"line":58,"column":5}},"line":39},"6":{"name":"playSong","decl":{"start":{"line":61,"column":16},"end":{"line":61,"column":24}},"loc":{"start":{"line":61,"column":46},"end":{"line":73,"column":1}},"line":61},"7":{"name":"(anonymous_7)","decl":{"start":{"line":62,"column":11},"end":{"line":62,"column":12}},"loc":{"start":{"line":62,"column":35},"end":{"line":72,"column":5}},"line":62}},"branchMap":{"0":{"loc":{"start":{"line":27,"column":4},"end":{"line":29,"column":5}},"type":"if","locations":[{"start":{"line":27,"column":4},"end":{"line":29,"column":5}},{"start":{"line":27,"column":4},"end":{"line":29,"column":5}}],"line":27},"1":{"loc":{"start":{"line":45,"column":8},"end":{"line":51,"column":9}},"type":"if","locations":[{"start":{"line":45,"column":8},"end":{"line":51,"column":9}},{"start":{"line":45,"column":8},"end":{"line":51,"column":9}}],"line":45},"2":{"loc":{"start":{"line":47,"column":15},"end":{"line":51,"column":9}},"type":"if","locations":[{"start":{"line":47,"column":15},"end":{"line":51,"column":9}},{"start":{"line":47,"column":15},"end":{"line":51,"column":9}}],"line":47},"3":{"loc":{"start":{"line":49,"column":15},"end":{"line":51,"column":9}},"type":"if","locations":[{"start":{"line":49,"column":15},"end":{"line":51,"column":9}},{"start":{"line":49,"column":15},"end":{"line":51,"column":9}}],"line":49},"4":{"loc":{"start":{"line":53,"column":8},"end":{"line":55,"column":9}},"type":"if","locations":[{"start":{"line":53,"column":8},"end":{"line":55,"column":9}},{"start":{"line":53,"column":8},"end":{"line":55,"column":9}}],"line":53},"5":{"loc":{"start":{"line":53,"column":12},"end":{"line":53,"column":77}},"type":"binary-expr","locations":[{"start":{"line":53,"column":12},"end":{"line":53,"column":56}},{"start":{"line":53,"column":61},"end":{"line":53,"column":77}}],"line":53},"6":{"loc":{"start":{"line":68,"column":8},"end":{"line":70,"column":9}},"type":"if","locations":[{"start":{"line":68,"column":8},"end":{"line":70,"column":9}},{"start":{"line":68,"column":8},"end":{"line":70,"column":9}}],"line":68},"7":{"loc":{"start":{"line":68,"column":12},"end":{"line":68,"column":64}},"type":"binary-expr","locations":[{"start":{"line":68,"column":12},"end":{"line":68,"column":21}},{"start":{"line":68,"column":25},"end":{"line":68,"column":64}}],"line":68}},"s":{"0":1,"1":1,"2":3,"3":2,"4":2,"5":1,"6":2,"7":2,"8":2,"9":2,"10":2,"11":2,"12":2,"13":1,"14":1,"15":1,"16":0,"17":0,"18":2,"19":0,"20":2,"21":0,"22":0,"23":0,"24":0,"25":0,"26":0,"27":0,"28":0},"f":{"0":1,"1":1,"2":3,"3":2,"4":2,"5":2,"6":0,"7":0},"b":{"0":[1,1],"1":[1,1],"2":[1,0],"3":[0,0],"4":[0,2],"5":[2,2],"6":[0,0],"7":[0,0]},"_coverageSchema":"332fd63041d2c1bcb487cc26dd0d5f7d97098a6c","hash":"1a9ea6b7748d4b1bf4bb34462a500122384b42e2"}
,"/Users/macos/Downloads/soundredux-native-master/src/actions/playlists.js": {"path":"/Users/macos/Downloads/soundredux-native-master/src/actions/playlists.js","statementMap":{"0":{"start":{"line":4,"column":2},"end":{"line":15,"column":3}},"1":{"start":{"line":5,"column":4},"end":{"line":5,"column":36}},"2":{"start":{"line":6,"column":4},"end":{"line":14,"column":41}},"3":{"start":{"line":7,"column":24},"end":{"line":7,"column":39}},"4":{"start":{"line":9,"column":22},"end":{"line":9,"column":96}},"5":{"start":{"line":9,"column":53},"end":{"line":9,"column":94}},"6":{"start":{"line":10,"column":24},"end":{"line":10,"column":38}},"7":{"start":{"line":11,"column":27},"end":{"line":11,"column":64}},"8":{"start":{"line":12,"column":8},"end":{"line":12,"column":89}},"9":{"start":{"line":14,"column":22},"end":{"line":14,"column":40}},"10":{"start":{"line":19,"column":2},"end":{"line":25,"column":3}},"11":{"start":{"line":20,"column":31},"end":{"line":20,"column":41}},"12":{"start":{"line":21,"column":4},"end":{"line":24,"column":5}},"13":{"start":{"line":22,"column":22},"end":{"line":22,"column":53}},"14":{"start":{"line":23,"column":6},"end":{"line":23,"column":52}},"15":{"start":{"line":29,"column":25},"end":{"line":29,"column":44}},"16":{"start":{"line":30,"column":2},"end":{"line":32,"column":3}},"17":{"start":{"line":31,"column":4},"end":{"line":31,"column":33}},"18":{"start":{"line":33,"column":2},"end":{"line":33,"column":31}},"19":{"start":{"line":37,"column":2},"end":{"line":43,"column":3}},"20":{"start":{"line":47,"column":2},"end":{"line":50,"column":3}},"21":{"start":{"line":54,"column":25},"end":{"line":54,"column":44}},"22":{"start":{"line":55,"column":2},"end":{"line":57,"column":3}},"23":{"start":{"line":56,"column":4},"end":{"line":56,"column":15}},"24":{"start":{"line":59,"column":2},"end":{"line":59,"column":14}},"25":{"start":{"line":63,"column":2},"end":{"line":66,"column":3}}},"fnMap":{"0":{"name":"fetchSongs","decl":{"start":{"line":3,"column":9},"end":{"line":3,"column":19}},"loc":{"start":{"line":3,"column":35},"end":{"line":16,"column":1}},"line":3},"1":{"name":"(anonymous_1)","decl":{"start":{"line":4,"column":9},"end":{"line":4,"column":10}},"loc":{"start":{"line":4,"column":33},"end":{"line":15,"column":3}},"line":4},"2":{"name":"(anonymous_2)","decl":{"start":{"line":7,"column":12},"end":{"line":7,"column":13}},"loc":{"start":{"line":7,"column":24},"end":{"line":7,"column":39}},"line":7},"3":{"name":"(anonymous_3)","decl":{"start":{"line":8,"column":12},"end":{"line":8,"column":13}},"loc":{"start":{"line":8,"column":20},"end":{"line":13,"column":7}},"line":8},"4":{"name":"(anonymous_4)","decl":{"start":{"line":9,"column":45},"end":{"line":9,"column":46}},"loc":{"start":{"line":9,"column":53},"end":{"line":9,"column":94}},"line":9},"5":{"name":"(anonymous_5)","decl":{"start":{"line":14,"column":13},"end":{"line":14,"column":14}},"loc":{"start":{"line":14,"column":22},"end":{"line":14,"column":40}},"line":14},"6":{"name":"fetchSongsIfNeeded","decl":{"start":{"line":18,"column":16},"end":{"line":18,"column":34}},"loc":{"start":{"line":18,"column":45},"end":{"line":26,"column":1}},"line":18},"7":{"name":"(anonymous_7)","decl":{"start":{"line":19,"column":9},"end":{"line":19,"column":10}},"loc":{"start":{"line":19,"column":33},"end":{"line":25,"column":3}},"line":19},"8":{"name":"getNextUrl","decl":{"start":{"line":28,"column":9},"end":{"line":28,"column":19}},"loc":{"start":{"line":28,"column":41},"end":{"line":34,"column":1}},"line":28},"9":{"name":"receiveSongs","decl":{"start":{"line":36,"column":9},"end":{"line":36,"column":21}},"loc":{"start":{"line":36,"column":58},"end":{"line":44,"column":1}},"line":36},"10":{"name":"requestSongs","decl":{"start":{"line":46,"column":9},"end":{"line":46,"column":21}},"loc":{"start":{"line":46,"column":32},"end":{"line":51,"column":1}},"line":46},"11":{"name":"shouldFetchSongs","decl":{"start":{"line":53,"column":9},"end":{"line":53,"column":25}},"loc":{"start":{"line":53,"column":47},"end":{"line":60,"column":1}},"line":53},"12":{"name":"changePlaylist","decl":{"start":{"line":62,"column":16},"end":{"line":62,"column":30}},"loc":{"start":{"line":62,"column":41},"end":{"line":67,"column":1}},"line":62}},"branchMap":{"0":{"loc":{"start":{"line":9,"column":53},"end":{"line":9,"column":94}},"type":"binary-expr","locations":[{"start":{"line":9,"column":53},"end":{"line":9,"column":68}},{"start":{"line":9,"column":72},"end":{"line":9,"column":94}}],"line":9},"1":{"loc":{"start":{"line":21,"column":4},"end":{"line":24,"column":5}},"type":"if","locations":[{"start":{"line":21,"column":4},"end":{"line":24,"column":5}},{"start":{"line":21,"column":4},"end":{"line":24,"column":5}}],"line":21},"2":{"loc":{"start":{"line":30,"column":2},"end":{"line":32,"column":3}},"type":"if","locations":[{"start":{"line":30,"column":2},"end":{"line":32,"column":3}},{"start":{"line":30,"column":2},"end":{"line":32,"column":3}}],"line":30},"3":{"loc":{"start":{"line":30,"column":6},"end":{"line":30,"column":57}},"type":"binary-expr","locations":[{"start":{"line":30,"column":6},"end":{"line":30,"column":21}},{"start":{"line":30,"column":25},"end":{"line":30,"column":57}}],"line":30},"4":{"loc":{"start":{"line":55,"column":2},"end":{"line":57,"column":3}},"type":"if","locations":[{"start":{"line":55,"column":2},"end":{"line":57,"column":3}},{"start":{"line":55,"column":2},"end":{"line":57,"column":3}}],"line":55},"5":{"loc":{"start":{"line":55,"column":6},"end":{"line":55,"column":88}},"type":"binary-expr","locations":[{"start":{"line":55,"column":6},"end":{"line":55,"column":21}},{"start":{"line":55,"column":25},"end":{"line":55,"column":51}},{"start":{"line":55,"column":56},"end":{"line":55,"column":87}}],"line":55}},"s":{"0":0,"1":0,"2":0,"3":0,"4":0,"5":0,"6":0,"7":0,"8":0,"9":0,"10":0,"11":0,"12":0,"13":0,"14":0,"15":0,"16":0,"17":0,"18":0,"19":0,"20":0,"21":0,"22":0,"23":0,"24":0,"25":1},"f":{"0":0,"1":0,"2":0,"3":0,"4":0,"5":0,"6":0,"7":0,"8":0,"9":0,"10":0,"11":0,"12":1},"b":{"0":[0,0],"1":[0,0],"2":[0,0],"3":[0,0],"4":[0,0],"5":[0,0,0]},"_coverageSchema":"332fd63041d2c1bcb487cc26dd0d5f7d97098a6c","hash":"49e4c50ab31ffae67deb68d89cc95412e20a54fd"}
,"/Users/macos/Downloads/soundredux-native-master/src/actions/songs.js": {"path":"/Users/macos/Downloads/soundredux-native-master/src/actions/songs.js","statementMap":{"0":{"start":{"line":8,"column":2},"end":{"line":17,"column":3}},"1":{"start":{"line":9,"column":4},"end":{"line":16,"column":41}},"2":{"start":{"line":10,"column":24},"end":{"line":10,"column":39}},"3":{"start":{"line":12,"column":22},"end":{"line":12,"column":67}},"4":{"start":{"line":12,"column":42},"end":{"line":12,"column":66}},"5":{"start":{"line":13,"column":27},"end":{"line":13,"column":64}},"6":{"start":{"line":14,"column":8},"end":{"line":14,"column":81}},"7":{"start":{"line":16,"column":22},"end":{"line":16,"column":40}},"8":{"start":{"line":21,"column":2},"end":{"line":36,"column":3}},"9":{"start":{"line":22,"column":34},"end":{"line":22,"column":44}},"10":{"start":{"line":23,"column":20},"end":{"line":23,"column":28}},"11":{"start":{"line":24,"column":4},"end":{"line":35,"column":5}},"12":{"start":{"line":25,"column":6},"end":{"line":25,"column":33}},"13":{"start":{"line":27,"column":19},"end":{"line":27,"column":32}},"14":{"start":{"line":28,"column":6},"end":{"line":30,"column":7}},"15":{"start":{"line":29,"column":8},"end":{"line":29,"column":56}},"16":{"start":{"line":32,"column":6},"end":{"line":34,"column":7}},"17":{"start":{"line":33,"column":8},"end":{"line":33,"column":65}},"18":{"start":{"line":40,"column":2},"end":{"line":49,"column":3}},"19":{"start":{"line":41,"column":4},"end":{"line":41,"column":33}},"20":{"start":{"line":42,"column":4},"end":{"line":48,"column":41}},"21":{"start":{"line":43,"column":24},"end":{"line":43,"column":39}},"22":{"start":{"line":45,"column":27},"end":{"line":45,"column":54}},"23":{"start":{"line":46,"column":8},"end":{"line":46,"column":61}},"24":{"start":{"line":48,"column":22},"end":{"line":48,"column":40}},"25":{"start":{"line":53,"column":2},"end":{"line":58,"column":3}},"26":{"start":{"line":54,"column":4},"end":{"line":57,"column":41}},"27":{"start":{"line":55,"column":24},"end":{"line":55,"column":39}},"28":{"start":{"line":56,"column":20},"end":{"line":56,"column":63}},"29":{"start":{"line":57,"column":22},"end":{"line":57,"column":40}},"30":{"start":{"line":62,"column":2},"end":{"line":65,"column":3}},"31":{"start":{"line":63,"column":4},"end":{"line":63,"column":50}},"32":{"start":{"line":64,"column":4},"end":{"line":64,"column":39}},"33":{"start":{"line":69,"column":2},"end":{"line":72,"column":3}},"34":{"start":{"line":76,"column":2},"end":{"line":85,"column":3}},"35":{"start":{"line":89,"column":2},"end":{"line":95,"column":3}},"36":{"start":{"line":90,"column":22},"end":{"line":90,"column":50}},"37":{"start":{"line":91,"column":19},"end":{"line":91,"column":49}},"38":{"start":{"line":92,"column":4},"end":{"line":92,"column":35}},"39":{"start":{"line":93,"column":4},"end":{"line":93,"column":57}},"40":{"start":{"line":94,"column":4},"end":{"line":94,"column":54}},"41":{"start":{"line":99,"column":2},"end":{"line":105,"column":3}},"42":{"start":{"line":109,"column":2},"end":{"line":112,"column":3}}},"fnMap":{"0":{"name":"fetchRelatedSongs","decl":{"start":{"line":7,"column":9},"end":{"line":7,"column":26}},"loc":{"start":{"line":7,"column":46},"end":{"line":18,"column":1}},"line":7},"1":{"name":"(anonymous_1)","decl":{"start":{"line":8,"column":9},"end":{"line":8,"column":10}},"loc":{"start":{"line":8,"column":21},"end":{"line":17,"column":3}},"line":8},"2":{"name":"(anonymous_2)","decl":{"start":{"line":10,"column":12},"end":{"line":10,"column":13}},"loc":{"start":{"line":10,"column":24},"end":{"line":10,"column":39}},"line":10},"3":{"name":"(anonymous_3)","decl":{"start":{"line":11,"column":12},"end":{"line":11,"column":13}},"loc":{"start":{"line":11,"column":20},"end":{"line":15,"column":7}},"line":11},"4":{"name":"(anonymous_4)","decl":{"start":{"line":12,"column":34},"end":{"line":12,"column":35}},"loc":{"start":{"line":12,"column":42},"end":{"line":12,"column":66}},"line":12},"5":{"name":"(anonymous_5)","decl":{"start":{"line":16,"column":13},"end":{"line":16,"column":14}},"loc":{"start":{"line":16,"column":22},"end":{"line":16,"column":40}},"line":16},"6":{"name":"fetchSongIfNeeded","decl":{"start":{"line":20,"column":16},"end":{"line":20,"column":33}},"loc":{"start":{"line":20,"column":42},"end":{"line":37,"column":1}},"line":20},"7":{"name":"(anonymous_7)","decl":{"start":{"line":21,"column":9},"end":{"line":21,"column":10}},"loc":{"start":{"line":21,"column":33},"end":{"line":36,"column":3}},"line":21},"8":{"name":"fetchSong","decl":{"start":{"line":39,"column":9},"end":{"line":39,"column":18}},"loc":{"start":{"line":39,"column":27},"end":{"line":50,"column":1}},"line":39},"9":{"name":"(anonymous_9)","decl":{"start":{"line":40,"column":9},"end":{"line":40,"column":10}},"loc":{"start":{"line":40,"column":21},"end":{"line":49,"column":3}},"line":40},"10":{"name":"(anonymous_10)","decl":{"start":{"line":43,"column":12},"end":{"line":43,"column":13}},"loc":{"start":{"line":43,"column":24},"end":{"line":43,"column":39}},"line":43},"11":{"name":"(anonymous_11)","decl":{"start":{"line":44,"column":12},"end":{"line":44,"column":13}},"loc":{"start":{"line":44,"column":20},"end":{"line":47,"column":7}},"line":44},"12":{"name":"(anonymous_12)","decl":{"start":{"line":48,"column":13},"end":{"line":48,"column":14}},"loc":{"start":{"line":48,"column":22},"end":{"line":48,"column":40}},"line":48},"13":{"name":"fetchSongComments","decl":{"start":{"line":52,"column":9},"end":{"line":52,"column":26}},"loc":{"start":{"line":52,"column":35},"end":{"line":59,"column":1}},"line":52},"14":{"name":"(anonymous_14)","decl":{"start":{"line":53,"column":9},"end":{"line":53,"column":10}},"loc":{"start":{"line":53,"column":21},"end":{"line":58,"column":3}},"line":53},"15":{"name":"(anonymous_15)","decl":{"start":{"line":55,"column":12},"end":{"line":55,"column":13}},"loc":{"start":{"line":55,"column":24},"end":{"line":55,"column":39}},"line":55},"16":{"name":"(anonymous_16)","decl":{"start":{"line":56,"column":12},"end":{"line":56,"column":13}},"loc":{"start":{"line":56,"column":20},"end":{"line":56,"column":63}},"line":56},"17":{"name":"(anonymous_17)","decl":{"start":{"line":57,"column":13},"end":{"line":57,"column":14}},"loc":{"start":{"line":57,"column":22},"end":{"line":57,"column":40}},"line":57},"18":{"name":"fetchSongData","decl":{"start":{"line":61,"column":9},"end":{"line":61,"column":22}},"loc":{"start":{"line":61,"column":50},"end":{"line":66,"column":1}},"line":61},"19":{"name":"(anonymous_19)","decl":{"start":{"line":62,"column":9},"end":{"line":62,"column":10}},"loc":{"start":{"line":62,"column":21},"end":{"line":65,"column":3}},"line":62},"20":{"name":"receiveSong","decl":{"start":{"line":68,"column":16},"end":{"line":68,"column":27}},"loc":{"start":{"line":68,"column":38},"end":{"line":73,"column":1}},"line":68},"21":{"name":"receiveSongComments","decl":{"start":{"line":75,"column":9},"end":{"line":75,"column":28}},"loc":{"start":{"line":75,"column":47},"end":{"line":86,"column":1}},"line":75},"22":{"name":"receiveSongPre","decl":{"start":{"line":88,"column":9},"end":{"line":88,"column":23}},"loc":{"start":{"line":88,"column":42},"end":{"line":96,"column":1}},"line":88},"23":{"name":"(anonymous_23)","decl":{"start":{"line":89,"column":9},"end":{"line":89,"column":10}},"loc":{"start":{"line":89,"column":21},"end":{"line":95,"column":3}},"line":89},"24":{"name":"receiveSongs","decl":{"start":{"line":98,"column":9},"end":{"line":98,"column":21}},"loc":{"start":{"line":98,"column":50},"end":{"line":106,"column":1}},"line":98},"25":{"name":"requestSong","decl":{"start":{"line":108,"column":9},"end":{"line":108,"column":20}},"loc":{"start":{"line":108,"column":29},"end":{"line":113,"column":1}},"line":108}},"branchMap":{"0":{"loc":{"start":{"line":24,"column":4},"end":{"line":35,"column":5}},"type":"if","locations":[{"start":{"line":24,"column":4},"end":{"line":35,"column":5}},{"start":{"line":24,"column":4},"end":{"line":35,"column":5}}],"line":24},"1":{"loc":{"start":{"line":28,"column":6},"end":{"line":30,"column":7}},"type":"if","locations":[{"start":{"line":28,"column":6},"end":{"line":30,"column":7}},{"start":{"line":28,"column":6},"end":{"line":30,"column":7}}],"line":28},"2":{"loc":{"start":{"line":32,"column":6},"end":{"line":34,"column":7}},"type":"if","locations":[{"start":{"line":32,"column":6},"end":{"line":34,"column":7}},{"start":{"line":32,"column":6},"end":{"line":34,"column":7}}],"line":32}},"s":{"0":1,"1":1,"2":0,"3":0,"4":0,"5":0,"6":0,"7":0,"8":2,"9":2,"10":2,"11":2,"12":1,"13":1,"14":1,"15":1,"16":1,"17":1,"18":1,"19":1,"20":1,"21":0,"22":0,"23":0,"24":0,"25":1,"26":1,"27":0,"28":0,"29":0,"30":1,"31":1,"32":1,"33":1,"34":0,"35":0,"36":0,"37":0,"38":0,"39":0,"40":0,"41":1,"42":1},"f":{"0":1,"1":1,"2":0,"3":0,"4":0,"5":0,"6":2,"7":2,"8":1,"9":1,"10":0,"11":0,"12":0,"13":1,"14":1,"15":0,"16":0,"17":0,"18":1,"19":1,"20":1,"21":0,"22":0,"23":0,"24":1,"25":1},"b":{"0":[1,1],"1":[1,0],"2":[1,0]},"_coverageSchema":"332fd63041d2c1bcb487cc26dd0d5f7d97098a6c","hash":"7a3d8d1b62b4a7293e31e07b8cf3d22574446e9c"}
,"/Users/macos/Downloads/soundredux-native-master/src/actions/users.js": {"path":"/Users/macos/Downloads/soundredux-native-master/src/actions/users.js","statementMap":{"0":{"start":{"line":14,"column":4},"end":{"line":18,"column":5}},"1":{"start":{"line":15,"column":8},"end":{"line":15,"column":52}},"2":{"start":{"line":16,"column":8},"end":{"line":16,"column":46}},"3":{"start":{"line":17,"column":8},"end":{"line":17,"column":44}},"4":{"start":{"line":22,"column":4},"end":{"line":30,"column":6}},"5":{"start":{"line":23,"column":27},"end":{"line":23,"column":37}},"6":{"start":{"line":24,"column":24},"end":{"line":24,"column":32}},"7":{"start":{"line":25,"column":8},"end":{"line":29,"column":9}},"8":{"start":{"line":26,"column":12},"end":{"line":26,"column":47}},"9":{"start":{"line":27,"column":15},"end":{"line":29,"column":9}},"10":{"start":{"line":28,"column":12},"end":{"line":28,"column":75}},"11":{"start":{"line":34,"column":4},"end":{"line":43,"column":6}},"12":{"start":{"line":35,"column":8},"end":{"line":35,"column":38}},"13":{"start":{"line":36,"column":8},"end":{"line":42,"column":48}},"14":{"start":{"line":37,"column":30},"end":{"line":37,"column":45}},"15":{"start":{"line":39,"column":35},"end":{"line":39,"column":62}},"16":{"start":{"line":40,"column":16},"end":{"line":40,"column":70}},"17":{"start":{"line":42,"column":28},"end":{"line":42,"column":46}},"18":{"start":{"line":47,"column":4},"end":{"line":63,"column":6}},"19":{"start":{"line":48,"column":8},"end":{"line":62,"column":48}},"20":{"start":{"line":49,"column":30},"end":{"line":49,"column":45}},"21":{"start":{"line":51,"column":30},"end":{"line":51,"column":88}},"22":{"start":{"line":51,"column":50},"end":{"line":51,"column":87}},"23":{"start":{"line":52,"column":35},"end":{"line":52,"column":72}},"24":{"start":{"line":53,"column":33},"end":{"line":59,"column":18}},"25":{"start":{"line":60,"column":16},"end":{"line":60,"column":58}},"26":{"start":{"line":62,"column":28},"end":{"line":62,"column":46}},"27":{"start":{"line":67,"column":4},"end":{"line":75,"column":6}},"28":{"start":{"line":68,"column":8},"end":{"line":74,"column":48}},"29":{"start":{"line":69,"column":30},"end":{"line":69,"column":45}},"30":{"start":{"line":71,"column":33},"end":{"line":71,"column":70}},"31":{"start":{"line":72,"column":16},"end":{"line":72,"column":55}},"32":{"start":{"line":74,"column":28},"end":{"line":74,"column":46}},"33":{"start":{"line":79,"column":4},"end":{"line":87,"column":6}},"34":{"start":{"line":80,"column":8},"end":{"line":86,"column":48}},"35":{"start":{"line":81,"column":30},"end":{"line":81,"column":45}},"36":{"start":{"line":83,"column":35},"end":{"line":83,"column":71}},"37":{"start":{"line":84,"column":16},"end":{"line":84,"column":88}},"38":{"start":{"line":86,"column":28},"end":{"line":86,"column":46}},"39":{"start":{"line":91,"column":4},"end":{"line":97,"column":6}},"40":{"start":{"line":101,"column":4},"end":{"line":104,"column":6}},"41":{"start":{"line":108,"column":4},"end":{"line":111,"column":6}},"42":{"start":{"line":109,"column":8},"end":{"line":109,"column":40}},"43":{"start":{"line":110,"column":8},"end":{"line":110,"column":73}},"44":{"start":{"line":115,"column":4},"end":{"line":118,"column":6}},"45":{"start":{"line":122,"column":4},"end":{"line":125,"column":6}},"46":{"start":{"line":129,"column":4},"end":{"line":132,"column":6}}},"fnMap":{"0":{"name":"fetchUserData","decl":{"start":{"line":13,"column":9},"end":{"line":13,"column":22}},"loc":{"start":{"line":13,"column":41},"end":{"line":19,"column":1}},"line":13},"1":{"name":"(anonymous_1)","decl":{"start":{"line":14,"column":11},"end":{"line":14,"column":12}},"loc":{"start":{"line":14,"column":23},"end":{"line":18,"column":5}},"line":14},"2":{"name":"fetchUserIfNeeded","decl":{"start":{"line":21,"column":16},"end":{"line":21,"column":33}},"loc":{"start":{"line":21,"column":42},"end":{"line":31,"column":1}},"line":21},"3":{"name":"(anonymous_3)","decl":{"start":{"line":22,"column":11},"end":{"line":22,"column":12}},"loc":{"start":{"line":22,"column":35},"end":{"line":30,"column":5}},"line":22},"4":{"name":"fetchUser","decl":{"start":{"line":33,"column":9},"end":{"line":33,"column":18}},"loc":{"start":{"line":33,"column":27},"end":{"line":44,"column":1}},"line":33},"5":{"name":"(anonymous_5)","decl":{"start":{"line":34,"column":11},"end":{"line":34,"column":12}},"loc":{"start":{"line":34,"column":23},"end":{"line":43,"column":5}},"line":34},"6":{"name":"(anonymous_6)","decl":{"start":{"line":37,"column":18},"end":{"line":37,"column":19}},"loc":{"start":{"line":37,"column":30},"end":{"line":37,"column":45}},"line":37},"7":{"name":"(anonymous_7)","decl":{"start":{"line":38,"column":18},"end":{"line":38,"column":19}},"loc":{"start":{"line":38,"column":26},"end":{"line":41,"column":13}},"line":38},"8":{"name":"(anonymous_8)","decl":{"start":{"line":42,"column":19},"end":{"line":42,"column":20}},"loc":{"start":{"line":42,"column":28},"end":{"line":42,"column":46}},"line":42},"9":{"name":"fetchUserFollowings","decl":{"start":{"line":46,"column":9},"end":{"line":46,"column":28}},"loc":{"start":{"line":46,"column":37},"end":{"line":64,"column":1}},"line":46},"10":{"name":"(anonymous_10)","decl":{"start":{"line":47,"column":11},"end":{"line":47,"column":12}},"loc":{"start":{"line":47,"column":23},"end":{"line":63,"column":5}},"line":47},"11":{"name":"(anonymous_11)","decl":{"start":{"line":49,"column":18},"end":{"line":49,"column":19}},"loc":{"start":{"line":49,"column":30},"end":{"line":49,"column":45}},"line":49},"12":{"name":"(anonymous_12)","decl":{"start":{"line":50,"column":18},"end":{"line":50,"column":19}},"loc":{"start":{"line":50,"column":26},"end":{"line":61,"column":13}},"line":50},"13":{"name":"(anonymous_13)","decl":{"start":{"line":51,"column":40},"end":{"line":51,"column":41}},"loc":{"start":{"line":51,"column":50},"end":{"line":51,"column":87}},"line":51},"14":{"name":"(anonymous_14)","decl":{"start":{"line":62,"column":19},"end":{"line":62,"column":20}},"loc":{"start":{"line":62,"column":28},"end":{"line":62,"column":46}},"line":62},"15":{"name":"fetchUserProfiles","decl":{"start":{"line":66,"column":9},"end":{"line":66,"column":26}},"loc":{"start":{"line":66,"column":35},"end":{"line":76,"column":1}},"line":66},"16":{"name":"(anonymous_16)","decl":{"start":{"line":67,"column":11},"end":{"line":67,"column":12}},"loc":{"start":{"line":67,"column":23},"end":{"line":75,"column":5}},"line":67},"17":{"name":"(anonymous_17)","decl":{"start":{"line":69,"column":18},"end":{"line":69,"column":19}},"loc":{"start":{"line":69,"column":30},"end":{"line":69,"column":45}},"line":69},"18":{"name":"(anonymous_18)","decl":{"start":{"line":70,"column":18},"end":{"line":70,"column":19}},"loc":{"start":{"line":70,"column":26},"end":{"line":73,"column":13}},"line":70},"19":{"name":"(anonymous_19)","decl":{"start":{"line":74,"column":19},"end":{"line":74,"column":20}},"loc":{"start":{"line":74,"column":28},"end":{"line":74,"column":46}},"line":74},"20":{"name":"fetchUserTracks","decl":{"start":{"line":78,"column":9},"end":{"line":78,"column":24}},"loc":{"start":{"line":78,"column":43},"end":{"line":88,"column":1}},"line":78},"21":{"name":"(anonymous_21)","decl":{"start":{"line":79,"column":11},"end":{"line":79,"column":12}},"loc":{"start":{"line":79,"column":23},"end":{"line":87,"column":5}},"line":79},"22":{"name":"(anonymous_22)","decl":{"start":{"line":81,"column":18},"end":{"line":81,"column":19}},"loc":{"start":{"line":81,"column":30},"end":{"line":81,"column":45}},"line":81},"23":{"name":"(anonymous_23)","decl":{"start":{"line":82,"column":18},"end":{"line":82,"column":19}},"loc":{"start":{"line":82,"column":26},"end":{"line":85,"column":13}},"line":82},"24":{"name":"(anonymous_24)","decl":{"start":{"line":86,"column":19},"end":{"line":86,"column":20}},"loc":{"start":{"line":86,"column":28},"end":{"line":86,"column":46}},"line":86},"25":{"name":"receiveSongs","decl":{"start":{"line":90,"column":16},"end":{"line":90,"column":28}},"loc":{"start":{"line":90,"column":56},"end":{"line":98,"column":1}},"line":90},"26":{"name":"receiveUserFollowings","decl":{"start":{"line":100,"column":16},"end":{"line":100,"column":37}},"loc":{"start":{"line":100,"column":48},"end":{"line":105,"column":1}},"line":100},"27":{"name":"receiveUserPre","decl":{"start":{"line":107,"column":9},"end":{"line":107,"column":23}},"loc":{"start":{"line":107,"column":42},"end":{"line":112,"column":1}},"line":107},"28":{"name":"(anonymous_28)","decl":{"start":{"line":108,"column":11},"end":{"line":108,"column":12}},"loc":{"start":{"line":108,"column":23},"end":{"line":111,"column":5}},"line":108},"29":{"name":"receiveUser","decl":{"start":{"line":114,"column":16},"end":{"line":114,"column":27}},"loc":{"start":{"line":114,"column":38},"end":{"line":119,"column":1}},"line":114},"30":{"name":"receiveUserProfiles","decl":{"start":{"line":121,"column":16},"end":{"line":121,"column":35}},"loc":{"start":{"line":121,"column":46},"end":{"line":126,"column":1}},"line":121},"31":{"name":"requestUser","decl":{"start":{"line":128,"column":16},"end":{"line":128,"column":27}},"loc":{"start":{"line":128,"column":36},"end":{"line":133,"column":1}},"line":128}},"branchMap":{"0":{"loc":{"start":{"line":25,"column":8},"end":{"line":29,"column":9}},"type":"if","locations":[{"start":{"line":25,"column":8},"end":{"line":29,"column":9}},{"start":{"line":25,"column":8},"end":{"line":29,"column":9}}],"line":25},"1":{"loc":{"start":{"line":25,"column":12},"end":{"line":25,"column":60}},"type":"binary-expr","locations":[{"start":{"line":25,"column":12},"end":{"line":25,"column":30}},{"start":{"line":25,"column":34},"end":{"line":25,"column":60}}],"line":25},"2":{"loc":{"start":{"line":27,"column":15},"end":{"line":29,"column":9}},"type":"if","locations":[{"start":{"line":27,"column":15},"end":{"line":29,"column":9}},{"start":{"line":27,"column":15},"end":{"line":29,"column":9}}],"line":27}},"s":{"0":0,"1":0,"2":0,"3":0,"4":0,"5":0,"6":0,"7":0,"8":0,"9":0,"10":0,"11":0,"12":0,"13":0,"14":0,"15":0,"16":0,"17":0,"18":0,"19":0,"20":0,"21":0,"22":0,"23":0,"24":0,"25":0,"26":0,"27":0,"28":0,"29":0,"30":0,"31":0,"32":0,"33":0,"34":0,"35":0,"36":0,"37":0,"38":0,"39":1,"40":1,"41":0,"42":0,"43":0,"44":1,"45":1,"46":1},"f":{"0":0,"1":0,"2":0,"3":0,"4":0,"5":0,"6":0,"7":0,"8":0,"9":0,"10":0,"11":0,"12":0,"13":0,"14":0,"15":0,"16":0,"17":0,"18":0,"19":0,"20":0,"21":0,"22":0,"23":0,"24":0,"25":1,"26":1,"27":0,"28":0,"29":1,"30":1,"31":1},"b":{"0":[0,0],"1":[0,0],"2":[0,0]},"_coverageSchema":"332fd63041d2c1bcb487cc26dd0d5f7d97098a6c","hash":"f954475aaa241cda81d5b716eed3b5fc1f3a786b"}
,"/Users/macos/Downloads/soundredux-native-master/src/constants/ActionTypes.js": {"path":"/Users/macos/Downloads/soundredux-native-master/src/constants/ActionTypes.js","statementMap":{"0":{"start":{"line":1,"column":38},"end":{"line":1,"column":62}},"1":{"start":{"line":2,"column":37},"end":{"line":2,"column":60}},"2":{"start":{"line":3,"column":37},"end":{"line":3,"column":60}},"3":{"start":{"line":4,"column":35},"end":{"line":4,"column":56}},"4":{"start":{"line":5,"column":29},"end":{"line":5,"column":44}},"5":{"start":{"line":6,"column":27},"end":{"line":6,"column":40}},"6":{"start":{"line":7,"column":35},"end":{"line":7,"column":56}},"7":{"start":{"line":8,"column":41},"end":{"line":8,"column":68}},"8":{"start":{"line":9,"column":25},"end":{"line":9,"column":36}},"9":{"start":{"line":10,"column":28},"end":{"line":10,"column":42}},"10":{"start":{"line":11,"column":37},"end":{"line":11,"column":60}},"11":{"start":{"line":12,"column":29},"end":{"line":12,"column":44}},"12":{"start":{"line":13,"column":28},"end":{"line":13,"column":42}},"13":{"start":{"line":14,"column":39},"end":{"line":14,"column":64}},"14":{"start":{"line":15,"column":37},"end":{"line":15,"column":60}},"15":{"start":{"line":16,"column":28},"end":{"line":16,"column":42}},"16":{"start":{"line":17,"column":29},"end":{"line":17,"column":44}},"17":{"start":{"line":18,"column":28},"end":{"line":18,"column":42}},"18":{"start":{"line":19,"column":31},"end":{"line":19,"column":48}},"19":{"start":{"line":20,"column":36},"end":{"line":20,"column":58}}},"fnMap":{},"branchMap":{},"s":{"0":5,"1":5,"2":5,"3":5,"4":5,"5":5,"6":5,"7":5,"8":5,"9":5,"10":5,"11":5,"12":5,"13":5,"14":5,"15":5,"16":5,"17":5,"18":5,"19":5},"f":{},"b":{},"_coverageSchema":"332fd63041d2c1bcb487cc26dd0d5f7d97098a6c","hash":"cf3801276a425a4bb0fe53c414d3a3b0adebf8a6"}
,"/Users/macos/Downloads/soundredux-native-master/src/constants/Config.js": {"path":"/Users/macos/Downloads/soundredux-native-master/src/constants/Config.js","statementMap":{"0":{"start":{"line":1,"column":25},"end":{"line":1,"column":59}}},"fnMap":{},"branchMap":{},"s":{"0":3},"f":{},"b":{},"_coverageSchema":"332fd63041d2c1bcb487cc26dd0d5f7d97098a6c","hash":"5daaca7a3dc81063d96d903b7b3c103eea4cbe5c"}
,"/Users/macos/Downloads/soundredux-native-master/src/constants/Schemas.js": {"path":"/Users/macos/Downloads/soundredux-native-master/src/constants/Schemas.js","statementMap":{"0":{"start":{"line":3,"column":11},"end":{"line":3,"column":30}},"1":{"start":{"line":4,"column":11},"end":{"line":4,"column":30}},"2":{"start":{"line":6,"column":0},"end":{"line":8,"column":3}},"3":{"start":{"line":10,"column":26},"end":{"line":10,"column":30}},"4":{"start":{"line":11,"column":26},"end":{"line":11,"column":30}}},"fnMap":{},"branchMap":{},"s":{"0":3,"1":3,"2":3,"3":3,"4":3},"f":{},"b":{},"_coverageSchema":"332fd63041d2c1bcb487cc26dd0d5f7d97098a6c","hash":"74d1744c337261ec8ad2c53dbd9d0a46bcf11d73"}
,"/Users/macos/Downloads/soundredux-native-master/src/constants/SongConstants.js": {"path":"/Users/macos/Downloads/soundredux-native-master/src/constants/SongConstants.js","statementMap":{"0":{"start":{"line":1,"column":28},"end":{"line":6,"column":1}},"1":{"start":{"line":8,"column":27},"end":{"line":13,"column":1}},"2":{"start":{"line":15,"column":22},"end":{"line":21,"column":1}},"3":{"start":{"line":23,"column":26},"end":{"line":29,"column":4}},"4":{"start":{"line":24,"column":17},"end":{"line":24,"column":19}},"5":{"start":{"line":25,"column":4},"end":{"line":27,"column":6}},"6":{"start":{"line":26,"column":8},"end":{"line":26,"column":25}},"7":{"start":{"line":28,"column":4},"end":{"line":28,"column":17}}},"fnMap":{"0":{"name":"(anonymous_0)","decl":{"start":{"line":23,"column":27},"end":{"line":23,"column":28}},"loc":{"start":{"line":23,"column":33},"end":{"line":29,"column":1}},"line":23},"1":{"name":"(anonymous_1)","decl":{"start":{"line":25,"column":19},"end":{"line":25,"column":20}},"loc":{"start":{"line":25,"column":30},"end":{"line":27,"column":5}},"line":25}},"branchMap":{},"s":{"0":3,"1":3,"2":3,"3":3,"4":3,"5":3,"6":15,"7":3},"f":{"0":3,"1":15},"b":{},"_coverageSchema":"332fd63041d2c1bcb487cc26dd0d5f7d97098a6c","hash":"f4343bad0de69a901c2d4843c4641abe158a8be5"}
,"/Users/macos/Downloads/soundredux-native-master/src/utils/RouteUtils.js": {"path":"/Users/macos/Downloads/soundredux-native-master/src/utils/RouteUtils.js","statementMap":{"0":{"start":{"line":2,"column":26},"end":{"line":2,"column":31}},"1":{"start":{"line":3,"column":17},"end":{"line":3,"column":31}},"2":{"start":{"line":4,"column":19},"end":{"line":4,"column":21}},"3":{"start":{"line":5,"column":4},"end":{"line":9,"column":5}},"4":{"start":{"line":6,"column":8},"end":{"line":8,"column":48}},"5":{"start":{"line":7,"column":27},"end":{"line":7,"column":46}},"6":{"start":{"line":8,"column":24},"end":{"line":8,"column":46}},"7":{"start":{"line":11,"column":4},"end":{"line":13,"column":5}},"8":{"start":{"line":12,"column":8},"end":{"line":12,"column":43}},"9":{"start":{"line":15,"column":4},"end":{"line":15,"column":18}},"10":{"start":{"line":19,"column":15},"end":{"line":19,"column":17}},"11":{"start":{"line":20,"column":16},"end":{"line":20,"column":18}},"12":{"start":{"line":21,"column":20},"end":{"line":21,"column":59}},"13":{"start":{"line":22,"column":4},"end":{"line":22,"column":33}},"14":{"start":{"line":24,"column":4},"end":{"line":35,"column":5}},"15":{"start":{"line":25,"column":8},"end":{"line":34,"column":11}},"16":{"start":{"line":26,"column":24},"end":{"line":26,"column":38}},"17":{"start":{"line":27,"column":24},"end":{"line":27,"column":30}},"18":{"start":{"line":28,"column":26},"end":{"line":28,"column":32}},"19":{"start":{"line":29,"column":12},"end":{"line":33,"column":13}},"20":{"start":{"line":30,"column":16},"end":{"line":30,"column":35}},"21":{"start":{"line":32,"column":16},"end":{"line":32,"column":45}},"22":{"start":{"line":36,"column":4},"end":{"line":36,"column":25}}},"fnMap":{"0":{"name":"constructUrl","decl":{"start":{"line":1,"column":16},"end":{"line":1,"column":28}},"loc":{"start":{"line":1,"column":36},"end":{"line":16,"column":1}},"line":1},"1":{"name":"(anonymous_1)","decl":{"start":{"line":7,"column":20},"end":{"line":7,"column":21}},"loc":{"start":{"line":7,"column":27},"end":{"line":7,"column":46}},"line":7},"2":{"name":"(anonymous_2)","decl":{"start":{"line":8,"column":17},"end":{"line":8,"column":18}},"loc":{"start":{"line":8,"column":24},"end":{"line":8,"column":46}},"line":8},"3":{"name":"parseUrl","decl":{"start":{"line":18,"column":16},"end":{"line":18,"column":24}},"loc":{"start":{"line":18,"column":37},"end":{"line":37,"column":1}},"line":18},"4":{"name":"(anonymous_4)","decl":{"start":{"line":25,"column":38},"end":{"line":25,"column":39}},"loc":{"start":{"line":25,"column":45},"end":{"line":34,"column":9}},"line":25}},"branchMap":{"0":{"loc":{"start":{"line":5,"column":4},"end":{"line":9,"column":5}},"type":"if","locations":[{"start":{"line":5,"column":4},"end":{"line":9,"column":5}},{"start":{"line":5,"column":4},"end":{"line":9,"column":5}}],"line":5},"1":{"loc":{"start":{"line":5,"column":8},"end":{"line":5,"column":42}},"type":"binary-expr","locations":[{"start":{"line":5,"column":8},"end":{"line":5,"column":13}},{"start":{"line":5,"column":17},"end":{"line":5,"column":42}}],"line":5},"2":{"loc":{"start":{"line":11,"column":4},"end":{"line":13,"column":5}},"type":"if","locations":[{"start":{"line":11,"column":4},"end":{"line":13,"column":5}},{"start":{"line":11,"column":4},"end":{"line":13,"column":5}}],"line":11},"3":{"loc":{"start":{"line":24,"column":4},"end":{"line":35,"column":5}},"type":"if","locations":[{"start":{"line":24,"column":4},"end":{"line":35,"column":5}},{"start":{"line":24,"column":4},"end":{"line":35,"column":5}}],"line":24},"4":{"loc":{"start":{"line":29,"column":12},"end":{"line":33,"column":13}},"type":"if","locations":[{"start":{"line":29,"column":12},"end":{"line":33,"column":13}},{"start":{"line":29,"column":12},"end":{"line":33,"column":13}}],"line":29}},"s":{"0":4,"1":4,"2":4,"3":4,"4":0,"5":0,"6":0,"7":4,"8":0,"9":4,"10":0,"11":0,"12":0,"13":0,"14":0,"15":0,"16":0,"17":0,"18":0,"19":0,"20":0,"21":0,"22":0},"f":{"0":4,"1":0,"2":0,"3":0,"4":0},"b":{"0":[0,4],"1":[4,4],"2":[0,4],"3":[0,0],"4":[0,0]},"_coverageSchema":"332fd63041d2c1bcb487cc26dd0d5f7d97098a6c","hash":"26de77045691b3574ea1d9f25e90d6017b3ea4d9"}
,"/Users/macos/Downloads/soundredux-native-master/src/utils/SongUtils.js": {"path":"/Users/macos/Downloads/soundredux-native-master/src/utils/SongUtils.js","statementMap":{"0":{"start":{"line":6,"column":19},"end":{"line":6,"column":40}},"1":{"start":{"line":7,"column":4},"end":{"line":7,"column":25}},"2":{"start":{"line":8,"column":17},"end":{"line":8,"column":114}},"3":{"start":{"line":9,"column":4},"end":{"line":19,"column":5}},"4":{"start":{"line":10,"column":8},"end":{"line":14,"column":9}},"5":{"start":{"line":13,"column":12},"end":{"line":13,"column":43}},"6":{"start":{"line":16,"column":8},"end":{"line":16,"column":38}},"7":{"start":{"line":18,"column":8},"end":{"line":18,"column":35}},"8":{"start":{"line":21,"column":4},"end":{"line":24,"column":5}},"9":{"start":{"line":22,"column":30},"end":{"line":22,"column":98}},"10":{"start":{"line":23,"column":8},"end":{"line":23,"column":55}},"11":{"start":{"line":26,"column":4},"end":{"line":26,"column":18}},"12":{"start":{"line":30,"column":4},"end":{"line":30,"column":88}},"13":{"start":{"line":34,"column":4},"end":{"line":34,"column":79}},"14":{"start":{"line":38,"column":4},"end":{"line":38,"column":85}},"15":{"start":{"line":42,"column":4},"end":{"line":44,"column":5}},"16":{"start":{"line":43,"column":8},"end":{"line":43,"column":18}},"17":{"start":{"line":46,"column":4},"end":{"line":46,"column":44}}},"fnMap":{"0":{"name":"constructUrl","decl":{"start":{"line":5,"column":16},"end":{"line":5,"column":28}},"loc":{"start":{"line":5,"column":39},"end":{"line":27,"column":1}},"line":5},"1":{"name":"constructSongCommentsUrl","decl":{"start":{"line":29,"column":16},"end":{"line":29,"column":40}},"loc":{"start":{"line":29,"column":49},"end":{"line":31,"column":1}},"line":29},"2":{"name":"constructSongUrl","decl":{"start":{"line":33,"column":16},"end":{"line":33,"column":32}},"loc":{"start":{"line":33,"column":41},"end":{"line":35,"column":1}},"line":33},"3":{"name":"constructUserSongsUrl","decl":{"start":{"line":37,"column":16},"end":{"line":37,"column":37}},"loc":{"start":{"line":37,"column":46},"end":{"line":39,"column":1}},"line":37},"4":{"name":"getImageUrl","decl":{"start":{"line":41,"column":16},"end":{"line":41,"column":27}},"loc":{"start":{"line":41,"column":33},"end":{"line":47,"column":1}},"line":41}},"branchMap":{"0":{"loc":{"start":{"line":9,"column":4},"end":{"line":19,"column":5}},"type":"if","locations":[{"start":{"line":9,"column":4},"end":{"line":19,"column":5}},{"start":{"line":9,"column":4},"end":{"line":19,"column":5}}],"line":9},"1":{"loc":{"start":{"line":10,"column":8},"end":{"line":14,"column":9}},"type":"if","locations":[{"start":{"line":10,"column":8},"end":{"line":14,"column":9}},{"start":{"line":10,"column":8},"end":{"line":14,"column":9}}],"line":10},"2":{"loc":{"start":{"line":10,"column":12},"end":{"line":12,"column":33}},"type":"binary-expr","locations":[{"start":{"line":10,"column":12},"end":{"line":10,"column":32}},{"start":{"line":11,"column":11},"end":{"line":11,"column":32}},{"start":{"line":12,"column":11},"end":{"line":12,"column":33}}],"line":10},"3":{"loc":{"start":{"line":21,"column":4},"end":{"line":24,"column":5}},"type":"if","locations":[{"start":{"line":21,"column":4},"end":{"line":24,"column":5}},{"start":{"line":21,"column":4},"end":{"line":24,"column":5}}],"line":21},"4":{"loc":{"start":{"line":42,"column":4},"end":{"line":44,"column":5}},"type":"if","locations":[{"start":{"line":42,"column":4},"end":{"line":44,"column":5}},{"start":{"line":42,"column":4},"end":{"line":44,"column":5}}],"line":42}},"s":{"0":0,"1":0,"2":0,"3":0,"4":0,"5":0,"6":0,"7":0,"8":0,"9":0,"10":0,"11":0,"12":1,"13":1,"14":1,"15":0,"16":0,"17":0},"f":{"0":0,"1":1,"2":1,"3":1,"4":0},"b":{"0":[0,0],"1":[0,0],"2":[0,0,0],"3":[0,0],"4":[0,0]},"_coverageSchema":"332fd63041d2c1bcb487cc26dd0d5f7d97098a6c","hash":"884dff611ec7bf320378bd823c0f4b1477723b64"}
,"/Users/macos/Downloads/soundredux-native-master/src/utils/UserUtils.js": {"path":"/Users/macos/Downloads/soundredux-native-master/src/utils/UserUtils.js","statementMap":{"0":{"start":{"line":4,"column":4},"end":{"line":4,"column":89}},"1":{"start":{"line":8,"column":4},"end":{"line":8,"column":91}},"2":{"start":{"line":12,"column":4},"end":{"line":12,"column":85}},"3":{"start":{"line":16,"column":4},"end":{"line":16,"column":78}},"4":{"start":{"line":20,"column":4},"end":{"line":26,"column":5}},"5":{"start":{"line":21,"column":8},"end":{"line":21,"column":47}},"6":{"start":{"line":22,"column":11},"end":{"line":26,"column":5}},"7":{"start":{"line":23,"column":8},"end":{"line":23,"column":25}},"8":{"start":{"line":24,"column":11},"end":{"line":26,"column":5}},"9":{"start":{"line":25,"column":8},"end":{"line":25,"column":28}},"10":{"start":{"line":28,"column":4},"end":{"line":28,"column":19}}},"fnMap":{"0":{"name":"constructUserFollowingsUrl","decl":{"start":{"line":3,"column":16},"end":{"line":3,"column":42}},"loc":{"start":{"line":3,"column":51},"end":{"line":5,"column":1}},"line":3},"1":{"name":"constructUserProfilesUrl","decl":{"start":{"line":7,"column":16},"end":{"line":7,"column":40}},"loc":{"start":{"line":7,"column":49},"end":{"line":9,"column":1}},"line":7},"2":{"name":"constructUserTracksUrl","decl":{"start":{"line":11,"column":16},"end":{"line":11,"column":38}},"loc":{"start":{"line":11,"column":47},"end":{"line":13,"column":1}},"line":11},"3":{"name":"constructUserUrl","decl":{"start":{"line":15,"column":16},"end":{"line":15,"column":32}},"loc":{"start":{"line":15,"column":41},"end":{"line":17,"column":1}},"line":15},"4":{"name":"getUserLocation","decl":{"start":{"line":19,"column":16},"end":{"line":19,"column":31}},"loc":{"start":{"line":19,"column":38},"end":{"line":29,"column":1}},"line":19}},"branchMap":{"0":{"loc":{"start":{"line":20,"column":4},"end":{"line":26,"column":5}},"type":"if","locations":[{"start":{"line":20,"column":4},"end":{"line":26,"column":5}},{"start":{"line":20,"column":4},"end":{"line":26,"column":5}}],"line":20},"1":{"loc":{"start":{"line":20,"column":8},"end":{"line":20,"column":33}},"type":"binary-expr","locations":[{"start":{"line":20,"column":8},"end":{"line":20,"column":17}},{"start":{"line":20,"column":21},"end":{"line":20,"column":33}}],"line":20},"2":{"loc":{"start":{"line":22,"column":11},"end":{"line":26,"column":5}},"type":"if","locations":[{"start":{"line":22,"column":11},"end":{"line":26,"column":5}},{"start":{"line":22,"column":11},"end":{"line":26,"column":5}}],"line":22},"3":{"loc":{"start":{"line":24,"column":11},"end":{"line":26,"column":5}},"type":"if","locations":[{"start":{"line":24,"column":11},"end":{"line":26,"column":5}},{"start":{"line":24,"column":11},"end":{"line":26,"column":5}}],"line":24}},"s":{"0":0,"1":0,"2":0,"3":0,"4":0,"5":0,"6":0,"7":0,"8":0,"9":0,"10":0},"f":{"0":0,"1":0,"2":0,"3":0,"4":0},"b":{"0":[0,0],"1":[0,0],"2":[0,0],"3":[0,0]},"_coverageSchema":"332fd63041d2c1bcb487cc26dd0d5f7d97098a6c","hash":"df5dd4a24cd5477df0565f1ad53a7f0b354a4c25"}
}
