TN:
SF:/Users/macos/Downloads/soundredux-native-master/src/actions/navigator.js
FN:7,changePath
FN:14,navigateBack
FN:15,(anonymous_2)
FN:22,navigateTo
FN:23,(anonymous_4)
FN:36,pushState
FNF:6
FNH:5
FNDA:3,changePath
FNDA:1,navigateBack
FNDA:1,(anonymous_2)
FNDA:2,navigateTo
FNDA:2,(anonymous_4)
FNDA:0,pushState
DA:8,3
DA:15,1
DA:16,1
DA:17,1
DA:23,2
DA:24,2
DA:25,2
DA:26,0
DA:29,2
DA:30,0
DA:32,2
DA:37,0
LF:12
LH:9
BRDA:16,0,0,1
BRDA:16,0,1,0
BRDA:22,1,0,0
BRDA:25,2,0,0
BRDA:25,2,1,2
BRDA:29,3,0,0
BRDA:29,3,1,2
BRF:7
BRH:3
end_of_record
TN:
SF:/Users/macos/Downloads/soundredux-native-master/src/actions/player.js
FN:4,changePlayerStatus
FN:11,changeCurrentTime
FN:18,changePlayingSong
FN:25,changeSelectedPlaylists
FN:38,changeSong
FN:39,(anonymous_5)
FN:61,playSong
FN:62,(anonymous_7)
FNF:8
FNH:6
FNDA:1,changePlayerStatus
FNDA:1,changeCurrentTime
FNDA:3,changePlayingSong
FNDA:2,changeSelectedPlaylists
FNDA:2,changeSong
FNDA:2,(anonymous_5)
FNDA:0,playSong
FNDA:0,(anonymous_7)
DA:5,1
DA:12,1
DA:19,3
DA:26,2
DA:27,2
DA:28,1
DA:30,2
DA:32,2
DA:39,2
DA:40,2
DA:41,2
DA:42,2
DA:45,2
DA:46,1
DA:47,1
DA:48,1
DA:49,0
DA:50,0
DA:53,2
DA:54,0
DA:57,2
DA:62,0
DA:63,0
DA:65,0
DA:66,0
DA:67,0
DA:68,0
DA:69,0
DA:71,0
LF:29
LH:18
BRDA:27,0,0,1
BRDA:27,0,1,1
BRDA:45,1,0,1
BRDA:45,1,1,1
BRDA:47,2,0,1
BRDA:47,2,1,0
BRDA:49,3,0,0
BRDA:49,3,1,0
BRDA:53,4,0,0
BRDA:53,4,1,2
BRDA:53,5,0,2
BRDA:53,5,1,2
BRDA:68,6,0,0
BRDA:68,6,1,0
BRDA:68,7,0,0
BRDA:68,7,1,0
BRF:16
BRH:8
end_of_record
TN:
SF:/Users/macos/Downloads/soundredux-native-master/src/actions/playlists.js
FN:3,fetchSongs
FN:4,(anonymous_1)
FN:7,(anonymous_2)
FN:8,(anonymous_3)
FN:9,(anonymous_4)
FN:14,(anonymous_5)
FN:18,fetchSongsIfNeeded
FN:19,(anonymous_7)
FN:28,getNextUrl
FN:36,receiveSongs
FN:46,requestSongs
FN:53,shouldFetchSongs
FN:62,changePlaylist
FNF:13
FNH:1
FNDA:0,fetchSongs
FNDA:0,(anonymous_1)
FNDA:0,(anonymous_2)
FNDA:0,(anonymous_3)
FNDA:0,(anonymous_4)
FNDA:0,(anonymous_5)
FNDA:0,fetchSongsIfNeeded
FNDA:0,(anonymous_7)
FNDA:0,getNextUrl
FNDA:0,receiveSongs
FNDA:0,requestSongs
FNDA:0,shouldFetchSongs
FNDA:1,changePlaylist
DA:4,0
DA:5,0
DA:6,0
DA:7,0
DA:9,0
DA:10,0
DA:11,0
DA:12,0
DA:14,0
DA:19,0
DA:20,0
DA:21,0
DA:22,0
DA:23,0
DA:29,0
DA:30,0
DA:31,0
DA:33,0
DA:37,0
DA:47,0
DA:54,0
DA:55,0
DA:56,0
DA:59,0
DA:63,1
LF:25
LH:1
BRDA:9,0,0,0
BRDA:9,0,1,0
BRDA:21,1,0,0
BRDA:21,1,1,0
BRDA:30,2,0,0
BRDA:30,2,1,0
BRDA:30,3,0,0
BRDA:30,3,1,0
BRDA:55,4,0,0
BRDA:55,4,1,0
BRDA:55,5,0,0
BRDA:55,5,1,0
BRDA:55,5,2,0
BRF:13
BRH:0
end_of_record
TN:
SF:/Users/macos/Downloads/soundredux-native-master/src/actions/songs.js
FN:7,fetchRelatedSongs
FN:8,(anonymous_1)
FN:10,(anonymous_2)
FN:11,(anonymous_3)
FN:12,(anonymous_4)
FN:16,(anonymous_5)
FN:20,fetchSongIfNeeded
FN:21,(anonymous_7)
FN:39,fetchSong
FN:40,(anonymous_9)
FN:43,(anonymous_10)
FN:44,(anonymous_11)
FN:48,(anonymous_12)
FN:52,fetchSongComments
FN:53,(anonymous_14)
FN:55,(anonymous_15)
FN:56,(anonymous_16)
FN:57,(anonymous_17)
FN:61,fetchSongData
FN:62,(anonymous_19)
FN:68,receiveSong
FN:75,receiveSongComments
FN:88,receiveSongPre
FN:89,(anonymous_23)
FN:98,receiveSongs
FN:108,requestSong
FNF:26
FNH:13
FNDA:1,fetchRelatedSongs
FNDA:1,(anonymous_1)
FNDA:0,(anonymous_2)
FNDA:0,(anonymous_3)
FNDA:0,(anonymous_4)
FNDA:0,(anonymous_5)
FNDA:2,fetchSongIfNeeded
FNDA:2,(anonymous_7)
FNDA:1,fetchSong
FNDA:1,(anonymous_9)
FNDA:0,(anonymous_10)
FNDA:0,(anonymous_11)
FNDA:0,(anonymous_12)
FNDA:1,fetchSongComments
FNDA:1,(anonymous_14)
FNDA:0,(anonymous_15)
FNDA:0,(anonymous_16)
FNDA:0,(anonymous_17)
FNDA:1,fetchSongData
FNDA:1,(anonymous_19)
FNDA:1,receiveSong
FNDA:0,receiveSongComments
FNDA:0,receiveSongPre
FNDA:0,(anonymous_23)
FNDA:1,receiveSongs
FNDA:1,requestSong
DA:8,1
DA:9,1
DA:10,0
DA:12,0
DA:13,0
DA:14,0
DA:16,0
DA:21,2
DA:22,2
DA:23,2
DA:24,2
DA:25,1
DA:27,1
DA:28,1
DA:29,1
DA:32,1
DA:33,1
DA:40,1
DA:41,1
DA:42,1
DA:43,0
DA:45,0
DA:46,0
DA:48,0
DA:53,1
DA:54,1
DA:55,0
DA:56,0
DA:57,0
DA:62,1
DA:63,1
DA:64,1
DA:69,1
DA:76,0
DA:89,0
DA:90,0
DA:91,0
DA:92,0
DA:93,0
DA:94,0
DA:99,1
DA:109,1
LF:42
LH:23
BRDA:24,0,0,1
BRDA:24,0,1,1
BRDA:28,1,0,1
BRDA:28,1,1,0
BRDA:32,2,0,1
BRDA:32,2,1,0
BRF:6
BRH:4
end_of_record
TN:
SF:/Users/macos/Downloads/soundredux-native-master/src/actions/users.js
FN:13,fetchUserData
FN:14,(anonymous_1)
FN:21,fetchUserIfNeeded
FN:22,(anonymous_3)
FN:33,fetchUser
FN:34,(anonymous_5)
FN:37,(anonymous_6)
FN:38,(anonymous_7)
FN:42,(anonymous_8)
FN:46,fetchUserFollowings
FN:47,(anonymous_10)
FN:49,(anonymous_11)
FN:50,(anonymous_12)
FN:51,(anonymous_13)
FN:62,(anonymous_14)
FN:66,fetchUserProfiles
FN:67,(anonymous_16)
FN:69,(anonymous_17)
FN:70,(anonymous_18)
FN:74,(anonymous_19)
FN:78,fetchUserTracks
FN:79,(anonymous_21)
FN:81,(anonymous_22)
FN:82,(anonymous_23)
FN:86,(anonymous_24)
FN:90,receiveSongs
FN:100,receiveUserFollowings
FN:107,receiveUserPre
FN:108,(anonymous_28)
FN:114,receiveUser
FN:121,receiveUserProfiles
FN:128,requestUser
FNF:32
FNH:5
FNDA:0,fetchUserData
FNDA:0,(anonymous_1)
FNDA:0,fetchUserIfNeeded
FNDA:0,(anonymous_3)
FNDA:0,fetchUser
FNDA:0,(anonymous_5)
FNDA:0,(anonymous_6)
FNDA:0,(anonymous_7)
FNDA:0,(anonymous_8)
FNDA:0,fetchUserFollowings
FNDA:0,(anonymous_10)
FNDA:0,(anonymous_11)
FNDA:0,(anonymous_12)
FNDA:0,(anonymous_13)
FNDA:0,(anonymous_14)
FNDA:0,fetchUserProfiles
FNDA:0,(anonymous_16)
FNDA:0,(anonymous_17)
FNDA:0,(anonymous_18)
FNDA:0,(anonymous_19)
FNDA:0,fetchUserTracks
FNDA:0,(anonymous_21)
FNDA:0,(anonymous_22)
FNDA:0,(anonymous_23)
FNDA:0,(anonymous_24)
FNDA:1,receiveSongs
FNDA:1,receiveUserFollowings
FNDA:0,receiveUserPre
FNDA:0,(anonymous_28)
FNDA:1,receiveUser
FNDA:1,receiveUserProfiles
FNDA:1,requestUser
DA:14,0
DA:15,0
DA:16,0
DA:17,0
DA:22,0
DA:23,0
DA:24,0
DA:25,0
DA:26,0
DA:27,0
DA:28,0
DA:34,0
DA:35,0
DA:36,0
DA:37,0
DA:39,0
DA:40,0
DA:42,0
DA:47,0
DA:48,0
DA:49,0
DA:51,0
DA:52,0
DA:53,0
DA:60,0
DA:62,0
DA:67,0
DA:68,0
DA:69,0
DA:71,0
DA:72,0
DA:74,0
DA:79,0
DA:80,0
DA:81,0
DA:83,0
DA:84,0
DA:86,0
DA:91,1
DA:101,1
DA:108,0
DA:109,0
DA:110,0
DA:115,1
DA:122,1
DA:129,1
LF:46
LH:5
BRDA:25,0,0,0
BRDA:25,0,1,0
BRDA:25,1,0,0
BRDA:25,1,1,0
BRDA:27,2,0,0
BRDA:27,2,1,0
BRF:6
BRH:0
end_of_record
TN:
SF:/Users/macos/Downloads/soundredux-native-master/src/constants/ActionTypes.js
FNF:0
FNH:0
DA:1,5
DA:2,5
DA:3,5
DA:4,5
DA:5,5
DA:6,5
DA:7,5
DA:8,5
DA:9,5
DA:10,5
DA:11,5
DA:12,5
DA:13,5
DA:14,5
DA:15,5
DA:16,5
DA:17,5
DA:18,5
DA:19,5
DA:20,5
LF:20
LH:20
BRF:0
BRH:0
end_of_record
TN:
SF:/Users/macos/Downloads/soundredux-native-master/src/constants/Config.js
FNF:0
FNH:0
DA:1,3
LF:1
LH:1
BRF:0
BRH:0
end_of_record
TN:
SF:/Users/macos/Downloads/soundredux-native-master/src/constants/Schemas.js
FNF:0
FNH:0
DA:3,3
DA:4,3
DA:6,3
DA:10,3
DA:11,3
LF:5
LH:5
BRF:0
BRH:0
end_of_record
TN:
SF:/Users/macos/Downloads/soundredux-native-master/src/constants/SongConstants.js
FN:23,(anonymous_0)
FN:25,(anonymous_1)
FNF:2
FNH:2
FNDA:3,(anonymous_0)
FNDA:15,(anonymous_1)
DA:1,3
DA:8,3
DA:15,3
DA:23,3
DA:24,3
DA:25,3
DA:26,15
DA:28,3
LF:8
LH:8
BRF:0
BRH:0
end_of_record
TN:
SF:/Users/macos/Downloads/soundredux-native-master/src/utils/RouteUtils.js
FN:1,constructUrl
FN:7,(anonymous_1)
FN:8,(anonymous_2)
FN:18,parseUrl
FN:25,(anonymous_4)
FNF:5
FNH:1
FNDA:4,constructUrl
FNDA:0,(anonymous_1)
FNDA:0,(anonymous_2)
FNDA:0,parseUrl
FNDA:0,(anonymous_4)
DA:2,4
DA:3,4
DA:4,4
DA:5,4
DA:6,0
DA:7,0
DA:8,0
DA:11,4
DA:12,0
DA:15,4
DA:19,0
DA:20,0
DA:21,0
DA:22,0
DA:24,0
DA:25,0
DA:26,0
DA:27,0
DA:28,0
DA:29,0
DA:30,0
DA:32,0
DA:36,0
LF:23
LH:6
BRDA:5,0,0,0
BRDA:5,0,1,4
BRDA:5,1,0,4
BRDA:5,1,1,4
BRDA:11,2,0,0
BRDA:11,2,1,4
BRDA:24,3,0,0
BRDA:24,3,1,0
BRDA:29,4,0,0
BRDA:29,4,1,0
BRF:10
BRH:4
end_of_record
TN:
SF:/Users/macos/Downloads/soundredux-native-master/src/utils/SongUtils.js
FN:5,constructUrl
FN:29,constructSongCommentsUrl
FN:33,constructSongUrl
FN:37,constructUserSongsUrl
FN:41,getImageUrl
FNF:5
FNH:3
FNDA:0,constructUrl
FNDA:1,constructSongCommentsUrl
FNDA:1,constructSongUrl
FNDA:1,constructUserSongsUrl
FNDA:0,getImageUrl
DA:6,0
DA:7,0
DA:8,0
DA:9,0
DA:10,0
DA:13,0
DA:16,0
DA:18,0
DA:21,0
DA:22,0
DA:23,0
DA:26,0
DA:30,1
DA:34,1
DA:38,1
DA:42,0
DA:43,0
DA:46,0
LF:18
LH:3
BRDA:9,0,0,0
BRDA:9,0,1,0
BRDA:10,1,0,0
BRDA:10,1,1,0
BRDA:10,2,0,0
BRDA:10,2,1,0
BRDA:10,2,2,0
BRDA:21,3,0,0
BRDA:21,3,1,0
BRDA:42,4,0,0
BRDA:42,4,1,0
BRF:11
BRH:0
end_of_record
TN:
SF:/Users/macos/Downloads/soundredux-native-master/src/utils/UserUtils.js
FN:3,constructUserFollowingsUrl
FN:7,constructUserProfilesUrl
FN:11,constructUserTracksUrl
FN:15,constructUserUrl
FN:19,getUserLocation
FNF:5
FNH:0
FNDA:0,constructUserFollowingsUrl
FNDA:0,constructUserProfilesUrl
FNDA:0,constructUserTracksUrl
FNDA:0,constructUserUrl
FNDA:0,getUserLocation
DA:4,0
DA:8,0
DA:12,0
DA:16,0
DA:20,0
DA:21,0
DA:22,0
DA:23,0
DA:24,0
DA:25,0
DA:28,0
LF:11
LH:0
BRDA:20,0,0,0
BRDA:20,0,1,0
BRDA:20,1,0,0
BRDA:20,1,1,0
BRDA:22,2,0,0
BRDA:22,2,1,0
BRDA:24,3,0,0
BRDA:24,3,1,0
BRF:8
BRH:0
end_of_record
